<?xml version="1.0" encoding="UTF-8"?>
<!-- Generated by org.testng.reporters.JUnitReportReporter -->
<testsuite hostname="AMBAL" failures="0" tests="1" name="assignments.A1_LaunchFirefox_Amazon" time="11.916" errors="0" timestamp="2023-05-10T19:22:00 IST" skipped="0">
  <testcase classname="assignments.A1_LaunchFirefox_Amazon" name="verify_amazon_login" time="11.916"/>
  <system-out/>
</testsuite> <!-- assignments.A1_LaunchFirefox_Amazon -->
