<?xml version="1.0" encoding="UTF-8"?>
<!-- Generated by org.testng.reporters.JUnitReportReporter -->
<testsuite hostname="Chilanka-PC" failures="0" tests="2" name="assignments.A10_WindowSwitching" time="45.497" errors="0" timestamp="2023-05-03T16:17:22 IST" skipped="0">
  <testcase classname="assignments.A10_WindowSwitching" name="verify_facebookButton" time="31.261"/>
  <system-out/>
  <testcase classname="assignments.A10_WindowSwitching" name="verify_newWindow" time="14.236"/>
  <system-out/>
</testsuite> <!-- assignments.A10_WindowSwitching -->
