<?xml version="1.0" encoding="UTF-8"?>
<!-- Generated by org.testng.reporters.JUnitReportReporter -->
<testsuite hostname="Chilanka-PC" failures="0" tests="1" name="assignments.A2_LaunchFirefox_Facebook" time="128.644" errors="0" timestamp="2023-05-01T20:33:14 IST" skipped="0">
  <testcase classname="assignments.A2_LaunchFirefox_Facebook" name="verify_logovisibility" time="128.644"/>
  <system-out/>
</testsuite> <!-- assignments.A2_LaunchFirefox_Facebook -->
