<?xml version="1.0" encoding="UTF-8"?>
<!-- Generated by org.testng.reporters.JUnitReportReporter -->
<testsuite hostname="Chilanka-PC" failures="0" tests="1" name="assignments.A8_TableAssertion" time="3.939" errors="0" timestamp="2023-04-30T17:44:18 IST" skipped="0">
  <testcase classname="assignments.A8_TableAssertion" name="verify_footerEntries" time="3.939"/>
  <system-out/>
</testsuite> <!-- assignments.A8_TableAssertion -->
