<?xml version="1.0" encoding="UTF-8"?>
<!-- Generated by org.testng.reporters.JUnitReportReporter -->
<testsuite hostname="Chilanka-PC" failures="0" tests="1" name="assignments.A4_ClickmeText" time="5.427" errors="0" timestamp="2023-04-27T15:01:59 IST" skipped="0">
  <testcase classname="assignments.A4_ClickmeText" name="verify_alertText" time="5.427"/>
  <system-out/>
</testsuite> <!-- assignments.A4_ClickmeText -->
