<?xml version="1.0" encoding="UTF-8"?>
<!-- Generated by org.testng.reporters.JUnitReportReporter -->
<testsuite hostname="Chilanka-PC" failures="0" tests="1" name="basictestng.BrowserLaunch" time="13.125" errors="0" timestamp="2023-05-01T20:49:12 IST" skipped="0">
  <testcase classname="basictestng.BrowserLaunch" name="verify_userlogin" time="13.125"/>
  <system-out/>
</testsuite> <!-- basictestng.BrowserLaunch -->
