<?xml version="1.0" encoding="UTF-8"?>
<!-- Generated by org.testng.reporters.JUnitReportReporter -->
<testsuite hostname="Chilanka-PC" failures="0" tests="1" name="basictestng.TestngBasics" time="7.928" errors="0" timestamp="2023-04-26T22:36:53 IST" skipped="0">
  <testcase classname="basictestng.TestngBasics" name="verify_checkboxDemo" time="7.928"/>
  <system-out/>
</testsuite> <!-- basictestng.TestngBasics -->
