<?xml version="1.0" encoding="UTF-8"?>
<!-- Generated by org.testng.reporters.JUnitReportReporter -->
<testsuite hostname="Chilanka-PC" failures="0" tests="1" name="assignments.A9_SoftAssertCss" time="2.778" errors="0" timestamp="2023-05-02T15:11:16 IST" skipped="0">
  <testcase classname="assignments.A9_SoftAssertCss" name="verify_buttonColors" time="2.778"/>
  <system-out/>
</testsuite> <!-- assignments.A9_SoftAssertCss -->
