<?xml version="1.0" encoding="UTF-8"?>
<!-- Generated by org.testng.reporters.JUnitReportReporter -->
<testsuite hostname="Chilanka-PC" failures="0" tests="3" name="basictestng.AnnotationExample" time="0.047" errors="0" timestamp="2023-04-25T21:33:16 IST" skipped="0">
  <testcase classname="basictestng.AnnotationExample" name="testcase1" time="0.026"/>
  <system-out/>
  <testcase classname="basictestng.AnnotationExample" name="testcase3" time="0.012"/>
  <system-out/>
  <testcase classname="basictestng.AnnotationExample" name="testcase2" time="0.009"/>
  <system-out/>
</testsuite> <!-- basictestng.AnnotationExample -->
