<?xml version="1.0" encoding="UTF-8"?>
<!-- Generated by org.testng.reporters.JUnitReportReporter -->
<testsuite hostname="Chilanka-PC" failures="0" tests="1" name="assignments.A2_LaunchFirefox_Facebook" time="15.178" errors="0" timestamp="2023-04-25T17:08:48 IST" skipped="0">
  <testcase classname="assignments.A2_LaunchFirefox_Facebook" name="verify_logovisibility" time="15.178"/>
  <system-out/>
</testsuite> <!-- assignments.A2_LaunchFirefox_Facebook -->
