<?xml version="1.0" encoding="UTF-8"?>
<!-- Generated by org.testng.reporters.JUnitReportReporter -->
<testsuite hostname="AMBAL" failures="0" tests="1" name="assignments.A14_Search" time="8.675" errors="0" timestamp="2023-05-13T15:52:50 IST" skipped="0">
  <testcase classname="assignments.A14_Search" name="verify_userDetails" time="8.675"/>
  <system-out/>
</testsuite> <!-- assignments.A14_Search -->
