<?xml version="1.0" encoding="UTF-8"?>
<!-- Generated by org.testng.reporters.JUnitReportReporter -->
<testsuite hostname="Chilanka-PC" failures="0" tests="1" name="assignments.A13_TextImageVerification" time="10.369" errors="0" timestamp="2023-05-05T15:29:31 IST" skipped="0">
  <testcase classname="assignments.A13_TextImageVerification" name="verify_newUserTextAndImageDisplay" time="10.369"/>
  <system-out/>
</testsuite> <!-- assignments.A13_TextImageVerification -->
