<?xml version="1.0" encoding="UTF-8"?>
<!-- Generated by org.testng.reporters.JUnitReportReporter -->
<testsuite hostname="AMBAL" failures="0" tests="1" name="assignments.A13_TextImageVerification" time="9.074" errors="0" timestamp="2023-05-13T15:54:53 IST" skipped="0">
  <testcase classname="assignments.A13_TextImageVerification" name="verify_newUserTextAndImageDisplay" time="9.074"/>
  <system-out/>
</testsuite> <!-- assignments.A13_TextImageVerification -->
