<?xml version="1.0" encoding="UTF-8"?>
<!-- Generated by org.testng.reporters.JUnitReportReporter -->
<testsuite hostname="Chilanka-PC" failures="0" tests="1" name="assignments.A14_Search" time="4.114" errors="0" timestamp="2023-05-05T15:52:55 IST" skipped="0">
  <testcase classname="assignments.A14_Search" name="verify_userDetails" time="4.114"/>
  <system-out/>
</testsuite> <!-- assignments.A14_Search -->
