<?xml version="1.0" encoding="UTF-8"?>
<!-- Generated by org.testng.reporters.JUnitReportReporter -->
<testsuite hostname="Chilanka-PC" failures="0" tests="3" name="basictestng.AnnotationExample" time="0.081" errors="0" timestamp="2023-05-01T20:49:12 IST" skipped="0">
  <testcase classname="basictestng.AnnotationExample" name="testcase2" time="0.018"/>
  <system-out/>
  <testcase classname="basictestng.AnnotationExample" name="testcase3" time="0.015"/>
  <system-out/>
  <testcase classname="basictestng.AnnotationExample" name="testcase1" time="0.048"/>
  <system-out/>
</testsuite> <!-- basictestng.AnnotationExample -->
