<?xml version="1.0" encoding="UTF-8"?>
<!-- Generated by org.testng.reporters.JUnitReportReporter -->
<testsuite hostname="Chilanka-PC" failures="0" tests="1" name="assignments.A6_FormSubmission" time="4.474" errors="0" timestamp="2023-04-27T19:46:13 IST" skipped="0">
  <testcase classname="assignments.A6_FormSubmission" name="verify_confirmationMessage" time="4.474"/>
  <system-out/>
</testsuite> <!-- assignments.A6_FormSubmission -->
