<?xml version="1.0" encoding="UTF-8"?>
<!-- Generated by org.testng.reporters.JUnitReportReporter -->
<testsuite hostname="Chilanka-PC" failures="0" tests="1" name="assignments.A12_ExplicitExample" time="4.631" errors="0" timestamp="2023-05-05T15:13:29 IST" skipped="0">
  <testcase classname="assignments.A12_ExplicitExample" name="verify_displayOfComplete" time="4.631"/>
  <system-out/>
</testsuite> <!-- assignments.A12_ExplicitExample -->
