<?xml version="1.0" encoding="UTF-8"?>
<!-- Generated by org.testng.reporters.JUnitReportReporter -->
<testsuite hostname="Chilanka-PC" failures="0" tests="1" name="basictestng.BrowserLaunch" time="50.236" errors="0" timestamp="2023-04-24T22:24:39 IST" skipped="0">
  <testcase classname="basictestng.BrowserLaunch" name="verify_userlogin" time="50.236"/>
  <system-out/>
</testsuite> <!-- basictestng.BrowserLaunch -->
