<?xml version="1.0" encoding="UTF-8"?>
<!-- Generated by org.testng.reporters.JUnitReportReporter -->
<testsuite hostname="Chilanka-PC" failures="0" tests="1" name="basictestng.WindowExample" time="16.284" errors="0" timestamp="2023-04-29T19:45:24 IST" skipped="0">
  <testcase classname="basictestng.WindowExample" name="verify_newWindow" time="16.284"/>
  <system-out/>
</testsuite> <!-- basictestng.WindowExample -->
