<?xml version="1.0" encoding="UTF-8"?>
<!-- Generated by org.testng.reporters.JUnitReportReporter -->
<testsuite hostname="Chilanka-PC" failures="0" tests="3" name="basictestng.RunDataProvider" time="149.182" errors="0" timestamp="2023-04-29T20:24:46 IST" skipped="0">
  <testcase classname="basictestng.RunDataProvider" name="verify_enteredProduct" time="48.791"/>
  <system-out/>
  <testcase classname="basictestng.RunDataProvider" name="verify_enteredProduct" time="46.843"/>
  <system-out/>
  <testcase classname="basictestng.RunDataProvider" name="verify_enteredProduct" time="53.548"/>
  <system-out/>
</testsuite> <!-- basictestng.RunDataProvider -->
