<?xml version="1.0" encoding="UTF-8"?>
<!-- Generated by org.testng.reporters.JUnitReportReporter -->
<testsuite hostname="Chilanka-PC" failures="0" tests="1" name="assignments.A5_CheckboxSelected" time="3.234" errors="0" timestamp="2023-04-27T16:25:04 IST" skipped="0">
  <testcase classname="assignments.A5_CheckboxSelected" name="verify_checkboxSelected" time="3.234"/>
  <system-out/>
</testsuite> <!-- assignments.A5_CheckboxSelected -->
