<?xml version="1.0" encoding="UTF-8"?>
<!-- Generated by org.testng.reporters.JUnitReportReporter -->
<testsuite hostname="Chilanka-PC" failures="0" tests="6" name="basictestng.RunDataProvider" time="93.173" errors="0" timestamp="2023-05-03T15:14:16 IST" skipped="0">
  <testcase classname="basictestng.RunDataProvider" name="verify_enteredProduct" time="28.406"/>
  <system-out/>
  <testcase classname="basictestng.RunDataProvider" name="verify_enteredProduct" time="26.869"/>
  <system-out/>
  <testcase classname="basictestng.RunDataProvider" name="verify_enteredProduct" time="28.810"/>
  <system-out/>
  <testcase classname="basictestng.RunDataProvider" name="verify_enteredProduct" time="1.519"/>
  <system-out/>
  <testcase classname="basictestng.RunDataProvider" name="verify_enteredProduct" time="1.180"/>
  <system-out/>
  <testcase classname="basictestng.RunDataProvider" name="verify_enteredProduct" time="6.389"/>
  <system-out/>
</testsuite> <!-- basictestng.RunDataProvider -->
