<?xml version="1.0" encoding="UTF-8"?>
<!-- Generated by org.testng.reporters.JUnitReportReporter -->
<testsuite hostname="Chilanka-PC" failures="0" tests="1" name="assignments.A1_LaunchFirefox_Amazon" time="54.601" errors="0" timestamp="2023-04-25T17:00:01 IST" skipped="0">
  <testcase classname="assignments.A1_LaunchFirefox_Amazon" name="verify_amazon_login" time="54.601"/>
  <system-out/>
</testsuite> <!-- assignments.A1_LaunchFirefox_Amazon -->
