<?xml version="1.0" encoding="UTF-8"?>
<!-- Generated by org.testng.reporters.JUnitReportReporter -->
<testsuite hostname="Chilanka-PC" failures="0" tests="1" name="assignments.A7_SoftAssert" time="3.111" errors="0" timestamp="2023-04-30T16:58:19 IST" skipped="0">
  <testcase classname="assignments.A7_SoftAssert" name="verify_allOptionsText" time="3.111"/>
  <system-out/>
</testsuite> <!-- assignments.A7_SoftAssert -->
