<?xml version="1.0" encoding="UTF-8"?>
<!-- Generated by org.testng.reporters.JUnitReportReporter -->
<testsuite hostname="Chilanka-PC" failures="0" tests="1" name="basictestng.SoftAssertExample" time="12.795" errors="0" timestamp="2023-04-27T22:18:53 IST" skipped="0">
  <testcase classname="basictestng.SoftAssertExample" name="verify_checkboxDemo" time="12.795"/>
  <system-out/>
</testsuite> <!-- basictestng.SoftAssertExample -->
