<?xml version="1.0" encoding="UTF-8"?>
<!-- Generated by org.testng.reporters.JUnitReportReporter -->
<testsuite hostname="Chilanka-PC" failures="0" tests="1" name="assignments.A11_ToolTip" time="8.722" errors="0" timestamp="2023-05-05T15:03:00 IST" skipped="0">
  <testcase classname="assignments.A11_ToolTip" name="verify_tooltip" time="8.722"/>
  <system-out/>
</testsuite> <!-- assignments.A11_ToolTip -->
